#
# There is insufficient memory for the Java Runtime Environment to continue.
# Native memory allocation (malloc) failed to allocate 502848 bytes for Chunk::new
# Possible reasons:
#   The system is out of physical RAM or swap space
#   The process is running with CompressedOops enabled, and the Java Heap may be blocking the growth of the native heap
# Possible solutions:
#   Reduce memory load on the system
#   Increase physical memory or swap space
#   Check if swap backing store is full
#   Decrease Java heap size (-Xmx/-Xms)
#   Decrease number of Java threads
#   Decrease Java thread stack sizes (-Xss)
#   Set larger code cache with -XX:ReservedCodeCacheSize=
#   JVM is running with Unscaled Compressed Oops mode in which the Java heap is
#     placed in the first 4GB address space. The Java Heap base address is the
#     maximum limit for the native heap growth. Please use -XX:HeapBaseMinAddress
#     to set the Java Heap base and to place the Java Heap above 4GB virtual address.
# This output file may be truncated or incomplete.
#
#  Out of Memory Error (./open/src/hotspot/share/memory/arena.cpp:195), pid=32908, tid=12680
#
# JRE version: OpenJDK Runtime Environment (15.0.1+9) (build 15.0.1+9-18)
# Java VM: OpenJDK 64-Bit Server VM (15.0.1+9-18, mixed mode, tiered, compressed oops, g1 gc, windows-amd64)
# No core dump will be written. Minidumps are not enabled by default on client versions of Windows
#

---------------  S U M M A R Y ------------

Command Line: -Dfile.encoding=Cp1252 -XX:+ShowCodeDetailsInExceptionMessages deliverable_2_implementation.UserInterface

Host: Intel(R) Core(TM) i5-8265U CPU @ 1.60GHz, 8 cores, 7G,  Windows 10 , 64 bit Build 19041 (10.0.19041.2546)
Time: Sat Apr  1 18:13:18 2023 Eastern Daylight Time elapsed time: 0.928541 seconds (0d 0h 0m 0s)

---------------  T H R E A D  ---------------

Current thread (0x000002aed2de72f0):  JavaThread "C2 CompilerThread0" daemon [_thread_in_native, id=12680, stack(0x000000bca2e00000,0x000000bca2f00000)]


Current CompileTask:
C2:    928 1099 %     4       sun.security.util.AbstractAlgorithmConstraints::checkAlgorithm @ 98 (140 bytes)

Stack: [0x000000bca2e00000,0x000000bca2f00000]
Native frames: (J=compiled Java code, j=interpreted, Vv=VM code, C=native code)
V  [jvm.dll+0x62ae9a]
V  [jvm.dll+0x781389]
V  [jvm.dll+0x782ae3]
V  [jvm.dll+0x783143]
V  [jvm.dll+0x216265]
V  [jvm.dll+0x97efa]
V  [jvm.dll+0x985dc]
V  [jvm.dll+0x32e525]
V  [jvm.dll+0x2f78aa]
V  [jvm.dll+0x2f6c6a]
V  [jvm.dll+0x1ea645]
V  [jvm.dll+0x1e98ae]
V  [jvm.dll+0x1784c7]
V  [jvm.dll+0x1f9165]
V  [jvm.dll+0x1f720c]
V  [jvm.dll+0x74485d]
V  [jvm.dll+0x73d65a]
V  [jvm.dll+0x629c56]
C  [ucrtbase.dll+0x21bb2]
C  [KERNEL32.DLL+0x17614]
C  [ntdll.dll+0x526a1]


---------------  P R O C E S S  ---------------

Threads class SMR info:
_java_thread_list=0x000002aed257e250, length=16, elements={
0x000002aeb83011d0, 0x000002aed2594030, 0x000002aed2596af0, 0x000002aed2dacb70,
0x000002aed2daf630, 0x000002aed2dde500, 0x000002aed2de72f0, 0x000002aed2ded2f0,
0x000002aed2dedde0, 0x000002aed2f762c0, 0x000002aed2f7a4b0, 0x000002aed2f77e30,
0x000002aed2f79640, 0x000002aed2f79b10, 0x000002aed2f787d0, 0x000002aed3a26830
}

Java Threads: ( => current thread )
  0x000002aeb83011d0 JavaThread "main" [_thread_in_native, id=38012, stack(0x000000bca2200000,0x000000bca2300000)]
  0x000002aed2594030 JavaThread "Reference Handler" daemon [_thread_blocked, id=36688, stack(0x000000bca2900000,0x000000bca2a00000)]
  0x000002aed2596af0 JavaThread "Finalizer" daemon [_thread_blocked, id=38624, stack(0x000000bca2a00000,0x000000bca2b00000)]
  0x000002aed2dacb70 JavaThread "Signal Dispatcher" daemon [_thread_blocked, id=38456, stack(0x000000bca2b00000,0x000000bca2c00000)]
  0x000002aed2daf630 JavaThread "Attach Listener" daemon [_thread_blocked, id=33428, stack(0x000000bca2c00000,0x000000bca2d00000)]
  0x000002aed2dde500 JavaThread "Service Thread" daemon [_thread_blocked, id=37512, stack(0x000000bca2d00000,0x000000bca2e00000)]
=>0x000002aed2de72f0 JavaThread "C2 CompilerThread0" daemon [_thread_in_native, id=12680, stack(0x000000bca2e00000,0x000000bca2f00000)]
  0x000002aed2ded2f0 JavaThread "C1 CompilerThread0" daemon [_thread_blocked, id=9272, stack(0x000000bca2f00000,0x000000bca3000000)]
  0x000002aed2dedde0 JavaThread "Sweeper thread" daemon [_thread_blocked, id=32988, stack(0x000000bca3000000,0x000000bca3100000)]
  0x000002aed2f762c0 JavaThread "Notification Thread" daemon [_thread_blocked, id=33884, stack(0x000000bca3100000,0x000000bca3200000)]
  0x000002aed2f7a4b0 JavaThread "Common-Cleaner" daemon [_thread_blocked, id=9720, stack(0x000000bca3300000,0x000000bca3400000)]
  0x000002aed2f77e30 JavaThread "Java2D Disposer" daemon [_thread_blocked, id=8940, stack(0x000000bca3500000,0x000000bca3600000)]
  0x000002aed2f79640 JavaThread "AWT-Shutdown" [_thread_blocked, id=21336, stack(0x000000bca3600000,0x000000bca3700000)]
  0x000002aed2f79b10 JavaThread "AWT-Windows" daemon [_thread_in_native, id=38632, stack(0x000000bca3700000,0x000000bca3800000)]
  0x000002aed2f787d0 JavaThread "mysql-cj-abandoned-connection-cleanup" daemon [_thread_blocked, id=23832, stack(0x000000bca3400000,0x000000bca3500000)]
  0x000002aed3a26830 JavaThread "C2 CompilerThread1" daemon [_thread_blocked, id=39716, stack(0x000000bca3800000,0x000000bca3900000)]

Other Threads:
  0x000002aed257f060 VMThread "VM Thread" [stack: 0x000000bca2800000,0x000000bca2900000] [id=22824]
  0x000002aed2f76790 WatcherThread [stack: 0x000000bca3200000,0x000000bca3300000] [id=16592]
  0x000002aeb8342400 GCTaskThread "GC Thread#0" [stack: 0x000000bca2300000,0x000000bca2400000] [id=33772]
  0x000002aeb8354a80 ConcurrentGCThread "G1 Main Marker" [stack: 0x000000bca2400000,0x000000bca2500000] [id=36956]
  0x000002aeb83556f0 ConcurrentGCThread "G1 Conc#0" [stack: 0x000000bca2500000,0x000000bca2600000] [id=8076]
  0x000002aed23b0090 ConcurrentGCThread "G1 Refine#0" [stack: 0x000000bca2600000,0x000000bca2700000] [id=36652]
  0x000002aeb83d51f0 ConcurrentGCThread "G1 Young RemSet Sampling" [stack: 0x000000bca2700000,0x000000bca2800000] [id=8640]

Threads with active compile tasks:
C2 CompilerThread0     1095 1099 %     4       sun.security.util.AbstractAlgorithmConstraints::checkAlgorithm @ 98 (140 bytes)

VM state: not at safepoint (normal execution)

VM Mutex/Monitor currently owned by a thread: None

Heap address: 0x0000000082000000, size: 2016 MB, Compressed Oops mode: 32-bit
CDS disabled.
Compressed class space mapped at: 0x0000000100000000-0x0000000140000000, size: 1073741824
Narrow klass base: 0x0000000000000000, Narrow klass shift: 3, Narrow klass range: 0x140000000

GC Precious Log:
 CPUs: 8 total, 8 available
 Memory: 8062M
 Large Page Support: Disabled
 NUMA Support: Disabled
 Compressed Oops: Enabled (32-bit)
 Heap Region Size: 1M
 Heap Min Capacity: 8M
 Heap Initial Capacity: 126M
 Heap Max Capacity: 2016M
 Pre-touch: Disabled
 Parallel Workers: 8
 Concurrent Workers: 2
 Concurrent Refinement Workers: 8
 Periodic GC: Disabled

Heap:
 garbage-first heap   total 129024K, used 20480K [0x0000000082000000, 0x0000000100000000)
  region size 1024K, 21 young (21504K), 0 survivors (0K)
 Metaspace       used 17243K, capacity 17519K, committed 17664K, reserved 1067008K
  class space    used 1660K, capacity 1741K, committed 1792K, reserved 1048576K

Heap Regions: E=young(eden), S=young(survivor), O=old, HS=humongous(starts), HC=humongous(continues), CS=collection set, F=free, OA=open archive, CA=closed archive, TAMS=top-at-mark-start (previous, next)
|   0|0x0000000082000000, 0x0000000082100000, 0x0000000082100000|100%|HS|  |TAMS 0x0000000082000000, 0x0000000082000000| Complete 
|   1|0x0000000082100000, 0x0000000082100000, 0x0000000082200000|  0%| F|  |TAMS 0x0000000082100000, 0x0000000082100000| Untracked 
|   2|0x0000000082200000, 0x0000000082200000, 0x0000000082300000|  0%| F|  |TAMS 0x0000000082200000, 0x0000000082200000| Untracked 
|   3|0x0000000082300000, 0x0000000082300000, 0x0000000082400000|  0%| F|  |TAMS 0x0000000082300000, 0x0000000082300000| Untracked 
|   4|0x0000000082400000, 0x0000000082400000, 0x0000000082500000|  0%| F|  |TAMS 0x0000000082400000, 0x0000000082400000| Untracked 
|   5|0x0000000082500000, 0x0000000082500000, 0x0000000082600000|  0%| F|  |TAMS 0x0000000082500000, 0x0000000082500000| Untracked 
|   6|0x0000000082600000, 0x0000000082600000, 0x0000000082700000|  0%| F|  |TAMS 0x0000000082600000, 0x0000000082600000| Untracked 
|   7|0x0000000082700000, 0x0000000082700000, 0x0000000082800000|  0%| F|  |TAMS 0x0000000082700000, 0x0000000082700000| Untracked 
|   8|0x0000000082800000, 0x0000000082800000, 0x0000000082900000|  0%| F|  |TAMS 0x0000000082800000, 0x0000000082800000| Untracked 
|   9|0x0000000082900000, 0x0000000082900000, 0x0000000082a00000|  0%| F|  |TAMS 0x0000000082900000, 0x0000000082900000| Untracked 
|  10|0x0000000082a00000, 0x0000000082a00000, 0x0000000082b00000|  0%| F|  |TAMS 0x0000000082a00000, 0x0000000082a00000| Untracked 
|  11|0x0000000082b00000, 0x0000000082b00000, 0x0000000082c00000|  0%| F|  |TAMS 0x0000000082b00000, 0x0000000082b00000| Untracked 
|  12|0x0000000082c00000, 0x0000000082c00000, 0x0000000082d00000|  0%| F|  |TAMS 0x0000000082c00000, 0x0000000082c00000| Untracked 
|  13|0x0000000082d00000, 0x0000000082d00000, 0x0000000082e00000|  0%| F|  |TAMS 0x0000000082d00000, 0x0000000082d00000| Untracked 
|  14|0x0000000082e00000, 0x0000000082e00000, 0x0000000082f00000|  0%| F|  |TAMS 0x0000000082e00000, 0x0000000082e00000| Untracked 
|  15|0x0000000082f00000, 0x0000000082f00000, 0x0000000083000000|  0%| F|  |TAMS 0x0000000082f00000, 0x0000000082f00000| Untracked 
|  16|0x0000000083000000, 0x0000000083000000, 0x0000000083100000|  0%| F|  |TAMS 0x0000000083000000, 0x0000000083000000| Untracked 
|  17|0x0000000083100000, 0x0000000083100000, 0x0000000083200000|  0%| F|  |TAMS 0x0000000083100000, 0x0000000083100000| Untracked 
|  18|0x0000000083200000, 0x0000000083200000, 0x0000000083300000|  0%| F|  |TAMS 0x0000000083200000, 0x0000000083200000| Untracked 
|  19|0x0000000083300000, 0x0000000083300000, 0x0000000083400000|  0%| F|  |TAMS 0x0000000083300000, 0x0000000083300000| Untracked 
|  20|0x0000000083400000, 0x0000000083400000, 0x0000000083500000|  0%| F|  |TAMS 0x0000000083400000, 0x0000000083400000| Untracked 
|  21|0x0000000083500000, 0x0000000083500000, 0x0000000083600000|  0%| F|  |TAMS 0x0000000083500000, 0x0000000083500000| Untracked 
|  22|0x0000000083600000, 0x0000000083600000, 0x0000000083700000|  0%| F|  |TAMS 0x0000000083600000, 0x0000000083600000| Untracked 
|  23|0x0000000083700000, 0x0000000083700000, 0x0000000083800000|  0%| F|  |TAMS 0x0000000083700000, 0x0000000083700000| Untracked 
|  24|0x0000000083800000, 0x0000000083800000, 0x0000000083900000|  0%| F|  |TAMS 0x0000000083800000, 0x0000000083800000| Untracked 
|  25|0x0000000083900000, 0x0000000083900000, 0x0000000083a00000|  0%| F|  |TAMS 0x0000000083900000, 0x0000000083900000| Untracked 
|  26|0x0000000083a00000, 0x0000000083a00000, 0x0000000083b00000|  0%| F|  |TAMS 0x0000000083a00000, 0x0000000083a00000| Untracked 
|  27|0x0000000083b00000, 0x0000000083b00000, 0x0000000083c00000|  0%| F|  |TAMS 0x0000000083b00000, 0x0000000083b00000| Untracked 
|  28|0x0000000083c00000, 0x0000000083c00000, 0x0000000083d00000|  0%| F|  |TAMS 0x0000000083c00000, 0x0000000083c00000| Untracked 
|  29|0x0000000083d00000, 0x0000000083d00000, 0x0000000083e00000|  0%| F|  |TAMS 0x0000000083d00000, 0x0000000083d00000| Untracked 
|  30|0x0000000083e00000, 0x0000000083e00000, 0x0000000083f00000|  0%| F|  |TAMS 0x0000000083e00000, 0x0000000083e00000| Untracked 
|  31|0x0000000083f00000, 0x0000000083f00000, 0x0000000084000000|  0%| F|  |TAMS 0x0000000083f00000, 0x0000000083f00000| Untracked 
|  32|0x0000000084000000, 0x0000000084000000, 0x0000000084100000|  0%| F|  |TAMS 0x0000000084000000, 0x0000000084000000| Untracked 
|  33|0x0000000084100000, 0x0000000084100000, 0x0000000084200000|  0%| F|  |TAMS 0x0000000084100000, 0x0000000084100000| Untracked 
|  34|0x0000000084200000, 0x0000000084200000, 0x0000000084300000|  0%| F|  |TAMS 0x0000000084200000, 0x0000000084200000| Untracked 
|  35|0x0000000084300000, 0x0000000084300000, 0x0000000084400000|  0%| F|  |TAMS 0x0000000084300000, 0x0000000084300000| Untracked 
|  36|0x0000000084400000, 0x0000000084400000, 0x0000000084500000|  0%| F|  |TAMS 0x0000000084400000, 0x0000000084400000| Untracked 
|  37|0x0000000084500000, 0x0000000084500000, 0x0000000084600000|  0%| F|  |TAMS 0x0000000084500000, 0x0000000084500000| Untracked 
|  38|0x0000000084600000, 0x0000000084600000, 0x0000000084700000|  0%| F|  |TAMS 0x0000000084600000, 0x0000000084600000| Untracked 
|  39|0x0000000084700000, 0x0000000084700000, 0x0000000084800000|  0%| F|  |TAMS 0x0000000084700000, 0x0000000084700000| Untracked 
|  40|0x0000000084800000, 0x0000000084800000, 0x0000000084900000|  0%| F|  |TAMS 0x0000000084800000, 0x0000000084800000| Untracked 
|  41|0x0000000084900000, 0x0000000084900000, 0x0000000084a00000|  0%| F|  |TAMS 0x0000000084900000, 0x0000000084900000| Untracked 
|  42|0x0000000084a00000, 0x0000000084a00000, 0x0000000084b00000|  0%| F|  |TAMS 0x0000000084a00000, 0x0000000084a00000| Untracked 
|  43|0x0000000084b00000, 0x0000000084b00000, 0x0000000084c00000|  0%| F|  |TAMS 0x0000000084b00000, 0x0000000084b00000| Untracked 
|  44|0x0000000084c00000, 0x0000000084c00000, 0x0000000084d00000|  0%| F|  |TAMS 0x0000000084c00000, 0x0000000084c00000| Untracked 
|  45|0x0000000084d00000, 0x0000000084d00000, 0x0000000084e00000|  0%| F|  |TAMS 0x0000000084d00000, 0x0000000084d00000| Untracked 
|  46|0x0000000084e00000, 0x0000000084e00000, 0x0000000084f00000|  0%| F|  |TAMS 0x0000000084e00000, 0x0000000084e00000| Untracked 
|  47|0x0000000084f00000, 0x0000000084f00000, 0x0000000085000000|  0%| F|  |TAMS 0x0000000084f00000, 0x0000000084f00000| Untracked 
|  48|0x0000000085000000, 0x0000000085000000, 0x0000000085100000|  0%| F|  |TAMS 0x0000000085000000, 0x0000000085000000| Untracked 
|  49|0x0000000085100000, 0x0000000085100000, 0x0000000085200000|  0%| F|  |TAMS 0x0000000085100000, 0x0000000085100000| Untracked 
|  50|0x0000000085200000, 0x0000000085200000, 0x0000000085300000|  0%| F|  |TAMS 0x0000000085200000, 0x0000000085200000| Untracked 
|  51|0x0000000085300000, 0x0000000085300000, 0x0000000085400000|  0%| F|  |TAMS 0x0000000085300000, 0x0000000085300000| Untracked 
|  52|0x0000000085400000, 0x0000000085400000, 0x0000000085500000|  0%| F|  |TAMS 0x0000000085400000, 0x0000000085400000| Untracked 
|  53|0x0000000085500000, 0x0000000085500000, 0x0000000085600000|  0%| F|  |TAMS 0x0000000085500000, 0x0000000085500000| Untracked 
|  54|0x0000000085600000, 0x0000000085600000, 0x0000000085700000|  0%| F|  |TAMS 0x0000000085600000, 0x0000000085600000| Untracked 
|  55|0x0000000085700000, 0x0000000085700000, 0x0000000085800000|  0%| F|  |TAMS 0x0000000085700000, 0x0000000085700000| Untracked 
|  56|0x0000000085800000, 0x0000000085800000, 0x0000000085900000|  0%| F|  |TAMS 0x0000000085800000, 0x0000000085800000| Untracked 
|  57|0x0000000085900000, 0x0000000085900000, 0x0000000085a00000|  0%| F|  |TAMS 0x0000000085900000, 0x0000000085900000| Untracked 
|  58|0x0000000085a00000, 0x0000000085a00000, 0x0000000085b00000|  0%| F|  |TAMS 0x0000000085a00000, 0x0000000085a00000| Untracked 
|  59|0x0000000085b00000, 0x0000000085b00000, 0x0000000085c00000|  0%| F|  |TAMS 0x0000000085b00000, 0x0000000085b00000| Untracked 
|  60|0x0000000085c00000, 0x0000000085c00000, 0x0000000085d00000|  0%| F|  |TAMS 0x0000000085c00000, 0x0000000085c00000| Untracked 
|  61|0x0000000085d00000, 0x0000000085d00000, 0x0000000085e00000|  0%| F|  |TAMS 0x0000000085d00000, 0x0000000085d00000| Untracked 
|  62|0x0000000085e00000, 0x0000000085e00000, 0x0000000085f00000|  0%| F|  |TAMS 0x0000000085e00000, 0x0000000085e00000| Untracked 
|  63|0x0000000085f00000, 0x0000000085f00000, 0x0000000086000000|  0%| F|  |TAMS 0x0000000085f00000, 0x0000000085f00000| Untracked 
|  64|0x0000000086000000, 0x0000000086000000, 0x0000000086100000|  0%| F|  |TAMS 0x0000000086000000, 0x0000000086000000| Untracked 
|  65|0x0000000086100000, 0x0000000086100000, 0x0000000086200000|  0%| F|  |TAMS 0x0000000086100000, 0x0000000086100000| Untracked 
|  66|0x0000000086200000, 0x0000000086200000, 0x0000000086300000|  0%| F|  |TAMS 0x0000000086200000, 0x0000000086200000| Untracked 
|  67|0x0000000086300000, 0x0000000086300000, 0x0000000086400000|  0%| F|  |TAMS 0x0000000086300000, 0x0000000086300000| Untracked 
|  68|0x0000000086400000, 0x0000000086400000, 0x0000000086500000|  0%| F|  |TAMS 0x0000000086400000, 0x0000000086400000| Untracked 
|  69|0x0000000086500000, 0x0000000086500000, 0x0000000086600000|  0%| F|  |TAMS 0x0000000086500000, 0x0000000086500000| Untracked 
|  70|0x0000000086600000, 0x0000000086600000, 0x0000000086700000|  0%| F|  |TAMS 0x0000000086600000, 0x0000000086600000| Untracked 
|  71|0x0000000086700000, 0x0000000086700000, 0x0000000086800000|  0%| F|  |TAMS 0x0000000086700000, 0x0000000086700000| Untracked 
|  72|0x0000000086800000, 0x0000000086800000, 0x0000000086900000|  0%| F|  |TAMS 0x0000000086800000, 0x0000000086800000| Untracked 
|  73|0x0000000086900000, 0x0000000086900000, 0x0000000086a00000|  0%| F|  |TAMS 0x0000000086900000, 0x0000000086900000| Untracked 
|  74|0x0000000086a00000, 0x0000000086a00000, 0x0000000086b00000|  0%| F|  |TAMS 0x0000000086a00000, 0x0000000086a00000| Untracked 
|  75|0x0000000086b00000, 0x0000000086b00000, 0x0000000086c00000|  0%| F|  |TAMS 0x0000000086b00000, 0x0000000086b00000| Untracked 
|  76|0x0000000086c00000, 0x0000000086c00000, 0x0000000086d00000|  0%| F|  |TAMS 0x0000000086c00000, 0x0000000086c00000| Untracked 
|  77|0x0000000086d00000, 0x0000000086d00000, 0x0000000086e00000|  0%| F|  |TAMS 0x0000000086d00000, 0x0000000086d00000| Untracked 
|  78|0x0000000086e00000, 0x0000000086e00000, 0x0000000086f00000|  0%| F|  |TAMS 0x0000000086e00000, 0x0000000086e00000| Untracked 
|  79|0x0000000086f00000, 0x0000000086f00000, 0x0000000087000000|  0%| F|  |TAMS 0x0000000086f00000, 0x0000000086f00000| Untracked 
|  80|0x0000000087000000, 0x0000000087000000, 0x0000000087100000|  0%| F|  |TAMS 0x0000000087000000, 0x0000000087000000| Untracked 
|  81|0x0000000087100000, 0x0000000087100000, 0x0000000087200000|  0%| F|  |TAMS 0x0000000087100000, 0x0000000087100000| Untracked 
|  82|0x0000000087200000, 0x0000000087200000, 0x0000000087300000|  0%| F|  |TAMS 0x0000000087200000, 0x0000000087200000| Untracked 
|  83|0x0000000087300000, 0x0000000087300000, 0x0000000087400000|  0%| F|  |TAMS 0x0000000087300000, 0x0000000087300000| Untracked 
|  84|0x0000000087400000, 0x0000000087400000, 0x0000000087500000|  0%| F|  |TAMS 0x0000000087400000, 0x0000000087400000| Untracked 
|  85|0x0000000087500000, 0x0000000087500000, 0x0000000087600000|  0%| F|  |TAMS 0x0000000087500000, 0x0000000087500000| Untracked 
|  86|0x0000000087600000, 0x0000000087600000, 0x0000000087700000|  0%| F|  |TAMS 0x0000000087600000, 0x0000000087600000| Untracked 
|  87|0x0000000087700000, 0x0000000087700000, 0x0000000087800000|  0%| F|  |TAMS 0x0000000087700000, 0x0000000087700000| Untracked 
|  88|0x0000000087800000, 0x0000000087800000, 0x0000000087900000|  0%| F|  |TAMS 0x0000000087800000, 0x0000000087800000| Untracked 
|  89|0x0000000087900000, 0x0000000087900000, 0x0000000087a00000|  0%| F|  |TAMS 0x0000000087900000, 0x0000000087900000| Untracked 
|  90|0x0000000087a00000, 0x0000000087a00000, 0x0000000087b00000|  0%| F|  |TAMS 0x0000000087a00000, 0x0000000087a00000| Untracked 
|  91|0x0000000087b00000, 0x0000000087b00000, 0x0000000087c00000|  0%| F|  |TAMS 0x0000000087b00000, 0x0000000087b00000| Untracked 
|  92|0x0000000087c00000, 0x0000000087c00000, 0x0000000087d00000|  0%| F|  |TAMS 0x0000000087c00000, 0x0000000087c00000| Untracked 
|  93|0x0000000087d00000, 0x0000000087d00000, 0x0000000087e00000|  0%| F|  |TAMS 0x0000000087d00000, 0x0000000087d00000| Untracked 
|  94|0x0000000087e00000, 0x0000000087e00000, 0x0000000087f00000|  0%| F|  |TAMS 0x0000000087e00000, 0x0000000087e00000| Untracked 
|  95|0x0000000087f00000, 0x0000000087f00000, 0x0000000088000000|  0%| F|  |TAMS 0x0000000087f00000, 0x0000000087f00000| Untracked 
|  96|0x0000000088000000, 0x0000000088000000, 0x0000000088100000|  0%| F|  |TAMS 0x0000000088000000, 0x0000000088000000| Untracked 
|  97|0x0000000088100000, 0x0000000088100000, 0x0000000088200000|  0%| F|  |TAMS 0x0000000088100000, 0x0000000088100000| Untracked 
|  98|0x0000000088200000, 0x0000000088200000, 0x0000000088300000|  0%| F|  |TAMS 0x0000000088200000, 0x0000000088200000| Untracked 
|  99|0x0000000088300000, 0x0000000088300000, 0x0000000088400000|  0%| F|  |TAMS 0x0000000088300000, 0x0000000088300000| Untracked 
| 100|0x0000000088400000, 0x0000000088400000, 0x0000000088500000|  0%| F|  |TAMS 0x0000000088400000, 0x0000000088400000| Untracked 
| 101|0x0000000088500000, 0x0000000088500000, 0x0000000088600000|  0%| F|  |TAMS 0x0000000088500000, 0x0000000088500000| Untracked 
| 102|0x0000000088600000, 0x0000000088600000, 0x0000000088700000|  0%| F|  |TAMS 0x0000000088600000, 0x0000000088600000| Untracked 
| 103|0x0000000088700000, 0x0000000088700000, 0x0000000088800000|  0%| F|  |TAMS 0x0000000088700000, 0x0000000088700000| Untracked 
| 104|0x0000000088800000, 0x0000000088800000, 0x0000000088900000|  0%| F|  |TAMS 0x0000000088800000, 0x0000000088800000| Untracked 
| 105|0x0000000088900000, 0x00000000889ec098, 0x0000000088a00000| 92%| E|  |TAMS 0x0000000088900000, 0x0000000088900000| Complete 
| 106|0x0000000088a00000, 0x0000000088b00000, 0x0000000088b00000|100%| E|CS|TAMS 0x0000000088a00000, 0x0000000088a00000| Complete 
| 107|0x0000000088b00000, 0x0000000088c00000, 0x0000000088c00000|100%| E|CS|TAMS 0x0000000088b00000, 0x0000000088b00000| Complete 
| 108|0x0000000088c00000, 0x0000000088d00000, 0x0000000088d00000|100%| E|CS|TAMS 0x0000000088c00000, 0x0000000088c00000| Complete 
| 109|0x0000000088d00000, 0x0000000088e00000, 0x0000000088e00000|100%| E|CS|TAMS 0x0000000088d00000, 0x0000000088d00000| Complete 
| 110|0x0000000088e00000, 0x0000000088f00000, 0x0000000088f00000|100%| E|CS|TAMS 0x0000000088e00000, 0x0000000088e00000| Complete 
| 111|0x0000000088f00000, 0x0000000089000000, 0x0000000089000000|100%| E|  |TAMS 0x0000000088f00000, 0x0000000088f00000| Complete 
| 112|0x0000000089000000, 0x0000000089100000, 0x0000000089100000|100%| E|CS|TAMS 0x0000000089000000, 0x0000000089000000| Complete 
| 113|0x0000000089100000, 0x0000000089200000, 0x0000000089200000|100%| E|CS|TAMS 0x0000000089100000, 0x0000000089100000| Complete 
| 114|0x0000000089200000, 0x0000000089300000, 0x0000000089300000|100%| E|CS|TAMS 0x0000000089200000, 0x0000000089200000| Complete 
| 115|0x0000000089300000, 0x0000000089400000, 0x0000000089400000|100%| E|CS|TAMS 0x0000000089300000, 0x0000000089300000| Complete 
| 116|0x0000000089400000, 0x0000000089500000, 0x0000000089500000|100%| E|CS|TAMS 0x0000000089400000, 0x0000000089400000| Complete 
| 117|0x0000000089500000, 0x0000000089600000, 0x0000000089600000|100%| E|CS|TAMS 0x0000000089500000, 0x0000000089500000| Complete 
| 118|0x0000000089600000, 0x0000000089700000, 0x0000000089700000|100%| E|CS|TAMS 0x0000000089600000, 0x0000000089600000| Complete 
| 119|0x0000000089700000, 0x0000000089800000, 0x0000000089800000|100%| E|CS|TAMS 0x0000000089700000, 0x0000000089700000| Complete 
| 120|0x0000000089800000, 0x0000000089900000, 0x0000000089900000|100%| E|CS|TAMS 0x0000000089800000, 0x0000000089800000| Complete 
| 121|0x0000000089900000, 0x0000000089a00000, 0x0000000089a00000|100%| E|CS|TAMS 0x0000000089900000, 0x0000000089900000| Complete 
| 122|0x0000000089a00000, 0x0000000089b00000, 0x0000000089b00000|100%| E|CS|TAMS 0x0000000089a00000, 0x0000000089a00000| Complete 
| 123|0x0000000089b00000, 0x0000000089c00000, 0x0000000089c00000|100%| E|CS|TAMS 0x0000000089b00000, 0x0000000089b00000| Complete 
| 124|0x0000000089c00000, 0x0000000089d00000, 0x0000000089d00000|100%| E|CS|TAMS 0x0000000089c00000, 0x0000000089c00000| Complete 
| 125|0x0000000089d00000, 0x0000000089e00000, 0x0000000089e00000|100%| E|CS|TAMS 0x0000000089d00000, 0x0000000089d00000| Complete 

Card table byte_map: [0x000002aecb440000,0x000002aecb830000] _byte_map_base: 0x000002aecb030000

Marking Bits (Prev, Next): (CMBitMap*) 0x000002aeb8343c80, (CMBitMap*) 0x000002aeb8343cc0
 Prev Bits: [0x000002aecbc20000, 0x000002aecdba0000)
 Next Bits: [0x000002aecdba0000, 0x000002aecfb20000)

Polling page: 0x000002aeb6260000

Metaspace:

Usage:
  Non-class:     15.41 MB capacity,    15.23 MB ( 99%) used,   165.38 KB (  1%) free+waste,    19.75 KB ( <1%) overhead. 
      Class:      1.70 MB capacity,     1.62 MB ( 95%) used,    73.91 KB (  4%) free+waste,     6.81 KB ( <1%) overhead. 
       Both:     17.11 MB capacity,    16.85 MB ( 98%) used,   239.30 KB (  1%) free+waste,    26.56 KB ( <1%) overhead. 

Virtual space:
  Non-class space:       18.00 MB reserved,      15.50 MB ( 86%) committed 
      Class space:        1.00 GB reserved,       1.75 MB ( <1%) committed 
             Both:        1.02 GB reserved,      17.25 MB (  2%) committed 

Chunk freelists:
   Non-Class:  30.00 KB
       Class:  19.00 KB
        Both:  49.00 KB

MaxMetaspaceSize: 17179869184.00 GB
CompressedClassSpaceSize: 1.00 GB

CodeHeap 'non-profiled nmethods': size=120000Kb used=380Kb max_used=380Kb free=119619Kb
 bounds [0x000002aec37f0000, 0x000002aec3a60000, 0x000002aecad20000]
CodeHeap 'profiled nmethods': size=120000Kb used=1992Kb max_used=1992Kb free=118007Kb
 bounds [0x000002aebc2c0000, 0x000002aebc530000, 0x000002aec37f0000]
CodeHeap 'non-nmethods': size=5760Kb used=1253Kb max_used=1275Kb free=4507Kb
 bounds [0x000002aebbd20000, 0x000002aebbf90000, 0x000002aebc2c0000]
 total_blobs=1689 nmethods=1153 adapters=449
 compilation: enabled
              stopped_count=0, restarted_count=0
 full_count=0

Compilation events (20 events):
Event: 0.888 Thread 0x000002aed2ded2f0 1108       3       sun.security.ssl.SSLAlgorithmDecomposer::decomposes (533 bytes)
Event: 0.891 Thread 0x000002aed2ded2f0 nmethod 1108 0x000002aebc492510 code [0x000002aebc492c80, 0x000002aebc498e68]
Event: 0.891 Thread 0x000002aed2ded2f0 1106       3       java.lang.Enum::getDeclaringClass (22 bytes)
Event: 0.891 Thread 0x000002aed2ded2f0 nmethod 1106 0x000002aebc49a190 code [0x000002aebc49a340, 0x000002aebc49a508]
Event: 0.891 Thread 0x000002aed2ded2f0 1107       3       java.lang.System$2::getEnumConstantsShared (8 bytes)
Event: 0.891 Thread 0x000002aed2ded2f0 nmethod 1107 0x000002aebc49a610 code [0x000002aebc49a7c0, 0x000002aebc49a9e8]
Event: 0.891 Thread 0x000002aed2ded2f0 1110       3       java.lang.String::split (7 bytes)
Event: 0.891 Thread 0x000002aed2ded2f0 nmethod 1110 0x000002aebc49ab10 code [0x000002aebc49acc0, 0x000002aebc49ade8]
Event: 0.898 Thread 0x000002aed2ded2f0 1112       3       java.lang.Integer::reverseBytes (28 bytes)
Event: 0.898 Thread 0x000002aed2ded2f0 nmethod 1112 0x000002aebc49ae90 code [0x000002aebc49b020, 0x000002aebc49b138]
Event: 0.898 Thread 0x000002aed2ded2f0 1113       3       java.lang.ThreadLocal::getMap (5 bytes)
Event: 0.898 Thread 0x000002aed2ded2f0 nmethod 1113 0x000002aebc49b210 code [0x000002aebc49b3a0, 0x000002aebc49b498]
Event: 0.899 Thread 0x000002aed2ded2f0 1114       1       java.nio.charset.Charset::name (5 bytes)
Event: 0.899 Thread 0x000002aed2ded2f0 nmethod 1114 0x000002aec3849910 code [0x000002aec3849aa0, 0x000002aec3849b58]
Event: 0.899 Thread 0x000002aed2ded2f0 1115       3       java.lang.ThreadLocal$ThreadLocalMap::getEntry (42 bytes)
Event: 0.899 Thread 0x000002aed2ded2f0 nmethod 1115 0x000002aebc49b590 code [0x000002aebc49b740, 0x000002aebc49b9e8]
Event: 0.899 Thread 0x000002aed2ded2f0 1116       3       java.lang.ThreadLocal::get (38 bytes)
Event: 0.899 Thread 0x000002aed2ded2f0 nmethod 1116 0x000002aebc49bb10 code [0x000002aebc49bce0, 0x000002aebc49bfa8]
Event: 0.899 Thread 0x000002aed2ded2f0 1117       3       java.lang.String::substring (10 bytes)
Event: 0.899 Thread 0x000002aed2ded2f0 nmethod 1117 0x000002aebc49c110 code [0x000002aebc49c2c0, 0x000002aebc49c4e8]

GC Heap History (0 events):
No events

Deoptimization events (20 events):
Event: 0.527 Thread 0x000002aeb83011d0 DEOPT PACKING pc=0x000002aebc393611 sp=0x000000bca22fc6b0
Event: 0.527 Thread 0x000002aeb83011d0 DEOPT UNPACKING pc=0x000002aebbd6e23f sp=0x000000bca22fbba8 mode 0
Event: 0.527 Thread 0x000002aeb83011d0 DEOPT PACKING pc=0x000002aebc393611 sp=0x000000bca22fc6b0
Event: 0.527 Thread 0x000002aeb83011d0 DEOPT UNPACKING pc=0x000002aebbd6e23f sp=0x000000bca22fbba8 mode 0
Event: 0.528 Thread 0x000002aeb83011d0 DEOPT PACKING pc=0x000002aebc399898 sp=0x000000bca22fc100
Event: 0.528 Thread 0x000002aeb83011d0 DEOPT UNPACKING pc=0x000002aebbd6e23f sp=0x000000bca22fb6b0 mode 0
Event: 0.528 Thread 0x000002aeb83011d0 DEOPT PACKING pc=0x000002aebc393611 sp=0x000000bca22fc6b0
Event: 0.528 Thread 0x000002aeb83011d0 DEOPT UNPACKING pc=0x000002aebbd6e23f sp=0x000000bca22fbba8 mode 0
Event: 0.623 Thread 0x000002aeb83011d0 Uncommon trap: trap_request=0xffffff45 fr.pc=0x000002aec382b9c0 relative=0x0000000000000220
Event: 0.623 Thread 0x000002aeb83011d0 Uncommon trap: reason=unstable_if action=reinterpret pc=0x000002aec382b9c0 method=java.lang.String.startsWith(Ljava/lang/String;I)Z @ 14 c2
Event: 0.623 Thread 0x000002aeb83011d0 DEOPT PACKING pc=0x000002aec382b9c0 sp=0x000000bca22fddb0
Event: 0.623 Thread 0x000002aeb83011d0 DEOPT UNPACKING pc=0x000002aebbd6e42f sp=0x000000bca22fdd10 mode 2
Event: 0.648 Thread 0x000002aeb83011d0 DEOPT PACKING pc=0x000002aebc3780df sp=0x000000bca22fa520
Event: 0.648 Thread 0x000002aeb83011d0 DEOPT UNPACKING pc=0x000002aebbd6e23f sp=0x000000bca22f9998 mode 0
Event: 0.748 Thread 0x000002aeb83011d0 DEOPT PACKING pc=0x000002aebc393611 sp=0x000000bca22fe190
Event: 0.748 Thread 0x000002aeb83011d0 DEOPT UNPACKING pc=0x000002aebbd6e23f sp=0x000000bca22fd688 mode 0
Event: 0.748 Thread 0x000002aeb83011d0 Uncommon trap: trap_request=0xffffff45 fr.pc=0x000002aec3822300 relative=0x0000000000000980
Event: 0.748 Thread 0x000002aeb83011d0 Uncommon trap: reason=unstable_if action=reinterpret pc=0x000002aec3822300 method=java.util.Properties$LineReader.readLine()I @ 117 c2
Event: 0.748 Thread 0x000002aeb83011d0 DEOPT PACKING pc=0x000002aec3822300 sp=0x000000bca22fe1f0
Event: 0.748 Thread 0x000002aeb83011d0 DEOPT UNPACKING pc=0x000002aebbd6e42f sp=0x000000bca22fe190 mode 2

Classes unloaded (0 events):
No events

Classes redefined (0 events):
No events

Internal exceptions (20 events):
Event: 0.221 Thread 0x000002aeb83011d0 Exception <a 'java/lang/ClassNotFoundException'{0x0000000089cfd3d8}: sun/awt/resources/spi/awtProvider> (0x0000000089cfd3d8) 
thrown [./open/src/hotspot/share/classfile/systemDictionary.cpp, line 295]
Event: 0.258 Thread 0x000002aeb83011d0 Exception <a 'java/io/FileNotFoundException'{0x0000000089bdc928}> (0x0000000089bdc928) 
thrown [./open/src/hotspot/share/prims/jni.cpp, line 578]
Event: 0.272 Thread 0x000002aeb83011d0 Exception <a 'java/io/FileNotFoundException'{0x0000000089a0ba00}> (0x0000000089a0ba00) 
thrown [./open/src/hotspot/share/prims/jni.cpp, line 578]
Event: 0.273 Thread 0x000002aeb83011d0 Exception <a 'java/lang/NoSuchMethodError'{0x0000000089a0cd38}: 'java.lang.Object java.lang.invoke.DirectMethodHandle$Holder.invokeStatic(java.lang.Object)'> (0x0000000089a0cd38) 
thrown [./open/src/hotspot/share/interpreter/linkResolver.cpp, line 782]
Event: 0.346 Thread 0x000002aeb83011d0 Exception <a 'java/lang/NoSuchMethodError'{0x0000000089a68e18}: 'java.lang.Object java.lang.invoke.DirectMethodHandle$Holder.invokeStaticInit(java.lang.Object)'> (0x0000000089a68e18) 
thrown [./open/src/hotspot/share/interpreter/linkResolver.cpp, line 782]
Event: 0.418 Thread 0x000002aeb83011d0 Exception <a 'java/lang/NoSuchMethodError'{0x0000000089adadd8}: 'java.lang.Object java.lang.invoke.DirectMethodHandle$Holder.newInvokeSpecial(java.lang.Object, java.lang.Object, java.lang.Object, java.lang.Object, java.lang.Object)'> (0x0000000089adadd8) 
thrown [./open/src/hotspot/share/interpreter/linkResolver.cpp, line 782]
Event: 0.425 Thread 0x000002aeb83011d0 Exception <a 'java/lang/NoSuchMethodError'{0x0000000089ae6868}: 'java.lang.Object java.lang.invoke.DirectMethodHandle$Holder.invokeStatic(java.lang.Object, int, java.lang.Object, java.lang.Object, java.lang.Object, java.lang.Object)'> (0x0000000089ae6868) 
thrown [./open/src/hotspot/share/interpreter/linkResolver.cpp, line 782]
Event: 0.431 Thread 0x000002aeb83011d0 Exception <a 'java/lang/NoSuchMethodError'{0x0000000089920e08}: 'java.lang.Object java.lang.invoke.DirectMethodHandle$Holder.invokeStatic(java.lang.Object, int, java.lang.Object)'> (0x0000000089920e08) 
thrown [./open/src/hotspot/share/interpreter/linkResolver.cpp, line 782]
Event: 0.459 Thread 0x000002aeb83011d0 Exception <a 'java/lang/ClassNotFoundException'{0x00000000899d8fe0}: com/sun/swing/internal/plaf/metal/resources/spi/metalProvider> (0x00000000899d8fe0) 
thrown [./open/src/hotspot/share/classfile/systemDictionary.cpp, line 295]
Event: 0.460 Thread 0x000002aeb83011d0 Exception <a 'java/lang/ClassNotFoundException'{0x00000000899dd320}: com/sun/swing/internal/plaf/basic/resources/spi/basicProvider> (0x00000000899dd320) 
thrown [./open/src/hotspot/share/classfile/systemDictionary.cpp, line 295]
Event: 0.513 Thread 0x000002aeb83011d0 Exception <a 'java/lang/NoSuchMethodError'{0x000000008979e770}: 'java.lang.Object java.lang.invoke.DirectMethodHandle$Holder.invokeInterface(java.lang.Object, java.lang.Object)'> (0x000000008979e770) 
thrown [./open/src/hotspot/share/interpreter/linkResolver.cpp, line 782]
Event: 0.538 Thread 0x000002aeb83011d0 Exception <a 'java/lang/NoSuchMethodError'{0x0000000089634048}: 'void java.lang.invoke.DirectMethodHandle$Holder.invokeStatic(java.lang.Object, java.lang.Object, java.lang.Object)'> (0x0000000089634048) 
thrown [./open/src/hotspot/share/interpreter/linkResolver.cpp, line 782]
Event: 0.539 Thread 0x000002aeb83011d0 Exception <a 'java/lang/NoSuchMethodError'{0x000000008963ec98}: 'java.lang.Object java.lang.invoke.DirectMethodHandle$Holder.invokeVirtual(java.lang.Object, java.lang.Object, java.lang.Object)'> (0x000000008963ec98) 
thrown [./open/src/hotspot/share/interpreter/linkResolver.cpp, line 782]
Event: 0.630 Thread 0x000002aeb83011d0 Exception <a 'java/lang/NoSuchMethodError'{0x00000000893a9598}: 'void java.lang.invoke.DirectMethodHandle$Holder.invokeStatic(java.lang.Object, java.lang.Object)'> (0x00000000893a9598) 
thrown [./open/src/hotspot/share/interpreter/linkResolver.cpp, line 782]
Event: 0.749 Thread 0x000002aeb83011d0 Exception <a 'java/lang/NoSuchMethodError'{0x0000000088eec5f0}: 'void java.lang.invoke.DirectMethodHandle$Holder.invokeStaticInit(java.lang.Object, java.lang.Object)'> (0x0000000088eec5f0) 
thrown [./open/src/hotspot/share/interpreter/linkResolver.cpp, line 782]
Event: 0.804 Thread 0x000002aeb83011d0 Exception <a 'java/lang/NoSuchMethodError'{0x0000000088c3ec88}: 'java.lang.Object java.lang.invoke.DirectMethodHandle$Holder.invokeStaticInit(java.lang.Object, int, int, int, int)'> (0x0000000088c3ec88) 
thrown [./open/src/hotspot/share/interpreter/linkResolver.cpp, line 782]
Event: 0.806 Thread 0x000002aeb83011d0 Exception <a 'sun/nio/fs/WindowsException'{0x0000000088c45bf8}> (0x0000000088c45bf8) 
thrown [./open/src/hotspot/share/prims/jni.cpp, line 578]
Event: 0.825 Thread 0x000002aeb83011d0 Exception <a 'java/lang/NoSuchMethodError'{0x0000000088c6e5d0}: 'int java.lang.invoke.DirectMethodHandle$Holder.invokeStaticInit(java.lang.Object, java.lang.Object, java.lang.Object, java.lang.Object)'> (0x0000000088c6e5d0) 
thrown [./open/src/hotspot/share/interpreter/linkResolver.cpp, line 782]
Event: 0.825 Thread 0x000002aeb83011d0 Exception <a 'java/lang/IncompatibleClassChangeError'{0x0000000088c78518}: Found class java.lang.Object, but interface was expected> (0x0000000088c78518) 
thrown [./open/src/hotspot/share/interpreter/linkResolver.cpp, line 848]
Event: 0.827 Thread 0x000002aeb83011d0 Exception <a 'java/lang/NoSuchMethodError'{0x0000000088c7e580}: 'int java.lang.invoke.DirectMethodHandle$Holder.invokeStaticInit(java.lang.Object, java.lang.Object)'> (0x0000000088c7e580) 
thrown [./open/src/hotspot/share/interpreter/linkResolver.cpp, line 782]

Events (20 events):
Event: 0.891 loading class javax/net/ssl/X509ExtendedTrustManager
Event: 0.891 loading class javax/net/ssl/X509ExtendedTrustManager done
Event: 0.891 loading class sun/security/ssl/AbstractTrustManagerWrapper
Event: 0.891 loading class sun/security/ssl/AbstractTrustManagerWrapper done
Event: 0.891 loading class java/security/DrbgParameters$NextBytes
Event: 0.892 loading class java/security/DrbgParameters$NextBytes done
Event: 0.892 loading class sun/security/provider/AbstractDrbg$SeederHolder
Event: 0.892 loading class sun/security/provider/AbstractDrbg$SeederHolder done
Event: 0.892 loading class sun/security/provider/SeedGenerator
Event: 0.892 loading class sun/security/provider/SeedGenerator done
Event: 0.892 loading class sun/security/provider/NativeSeedGenerator
Event: 0.892 loading class sun/security/provider/NativeSeedGenerator done
Event: 0.897 loading class sun/security/provider/SeedGenerator$1
Event: 0.897 loading class sun/security/provider/SeedGenerator$1 done
Event: 0.897 loading class sun/security/provider/ByteArrayAccess
Event: 0.898 loading class sun/security/provider/ByteArrayAccess done
Event: 0.902 loading class java/net/InterfaceAddress
Event: 0.902 loading class java/net/InterfaceAddress done
Event: 0.902 loading class java/net/DefaultInterface
Event: 0.902 loading class java/net/DefaultInterface done


Dynamic libraries:
0x00007ff6ea320000 - 0x00007ff6ea32d000 	C:\Users\ramin\.p2\pool\plugins\org.eclipse.justj.openjdk.hotspot.jre.full.win32.x86_64_15.0.1.v20201027-0507\jre\bin\javaw.exe
0x00007ff955070000 - 0x00007ff955268000 	C:\WINDOWS\SYSTEM32\ntdll.dll
0x00007ff953950000 - 0x00007ff953a0f000 	C:\WINDOWS\System32\KERNEL32.DLL
0x00007ff9528a0000 - 0x00007ff952b72000 	C:\WINDOWS\System32\KERNELBASE.dll
0x00007ff952c90000 - 0x00007ff952d90000 	C:\WINDOWS\System32\ucrtbase.dll
0x00007ff92b040000 - 0x00007ff92b058000 	C:\Users\ramin\.p2\pool\plugins\org.eclipse.justj.openjdk.hotspot.jre.full.win32.x86_64_15.0.1.v20201027-0507\jre\bin\jli.dll
0x00007ff92b290000 - 0x00007ff92b2a9000 	C:\Users\ramin\.p2\pool\plugins\org.eclipse.justj.openjdk.hotspot.jre.full.win32.x86_64_15.0.1.v20201027-0507\jre\bin\VCRUNTIME140.dll
0x00007ff954270000 - 0x00007ff954411000 	C:\WINDOWS\System32\USER32.dll
0x00007ff953090000 - 0x00007ff9530b2000 	C:\WINDOWS\System32\win32u.dll
0x00007ff954220000 - 0x00007ff95424b000 	C:\WINDOWS\System32\GDI32.dll
0x00007ff952b80000 - 0x00007ff952c8f000 	C:\WINDOWS\System32\gdi32full.dll
0x00007ff92b2c0000 - 0x00007ff92b55a000 	C:\WINDOWS\WinSxS\amd64_microsoft.windows.common-controls_6595b64144ccf1df_6.0.19041.1110_none_60b5254171f9507e\COMCTL32.dll
0x00007ff952770000 - 0x00007ff95280d000 	C:\WINDOWS\System32\msvcp_win.dll
0x00007ff954620000 - 0x00007ff9546be000 	C:\WINDOWS\System32\msvcrt.dll
0x00007ff955000000 - 0x00007ff955030000 	C:\WINDOWS\System32\IMM32.DLL
0x00007ff92ec10000 - 0x00007ff92ec1c000 	C:\Users\ramin\.p2\pool\plugins\org.eclipse.justj.openjdk.hotspot.jre.full.win32.x86_64_15.0.1.v20201027-0507\jre\bin\vcruntime140_1.dll
0x00007ff916870000 - 0x00007ff916901000 	C:\Users\ramin\.p2\pool\plugins\org.eclipse.justj.openjdk.hotspot.jre.full.win32.x86_64_15.0.1.v20201027-0507\jre\bin\msvcp140.dll
0x00007ff906f60000 - 0x00007ff907abe000 	C:\Users\ramin\.p2\pool\plugins\org.eclipse.justj.openjdk.hotspot.jre.full.win32.x86_64_15.0.1.v20201027-0507\jre\bin\server\jvm.dll
0x00007ff9546c0000 - 0x00007ff95476e000 	C:\WINDOWS\System32\ADVAPI32.dll
0x00007ff954090000 - 0x00007ff95412c000 	C:\WINDOWS\System32\sechost.dll
0x00007ff954480000 - 0x00007ff9545a4000 	C:\WINDOWS\System32\RPCRT4.dll
0x00007ff954820000 - 0x00007ff954828000 	C:\WINDOWS\System32\PSAPI.DLL
0x00007ff951280000 - 0x00007ff95128a000 	C:\WINDOWS\SYSTEM32\VERSION.dll
0x00007ff926670000 - 0x00007ff926697000 	C:\WINDOWS\SYSTEM32\WINMM.dll
0x00007ff94ae40000 - 0x00007ff94ae49000 	C:\WINDOWS\SYSTEM32\WSOCK32.dll
0x00007ff9545b0000 - 0x00007ff95461b000 	C:\WINDOWS\System32\WS2_32.dll
0x00007ff950fd0000 - 0x00007ff950fe2000 	C:\WINDOWS\SYSTEM32\kernel.appcore.dll
0x00007ff94c820000 - 0x00007ff94c82a000 	C:\Users\ramin\.p2\pool\plugins\org.eclipse.justj.openjdk.hotspot.jre.full.win32.x86_64_15.0.1.v20201027-0507\jre\bin\jimage.dll
0x00007ff950a40000 - 0x00007ff950c24000 	C:\WINDOWS\SYSTEM32\DBGHELP.DLL
0x00007ff946810000 - 0x00007ff946845000 	C:\WINDOWS\SYSTEM32\dbgcore.DLL
0x00007ff952810000 - 0x00007ff952892000 	C:\WINDOWS\System32\bcryptPrimitives.dll
0x00007ff91bcf0000 - 0x00007ff91bd15000 	C:\Users\ramin\.p2\pool\plugins\org.eclipse.justj.openjdk.hotspot.jre.full.win32.x86_64_15.0.1.v20201027-0507\jre\bin\java.dll
0x00007ff92af40000 - 0x00007ff92af58000 	C:\Users\ramin\.p2\pool\plugins\org.eclipse.justj.openjdk.hotspot.jre.full.win32.x86_64_15.0.1.v20201027-0507\jre\bin\zip.dll
0x00007ff953200000 - 0x00007ff953945000 	C:\WINDOWS\System32\SHELL32.dll
0x00007ff9502a0000 - 0x00007ff950a32000 	C:\WINDOWS\SYSTEM32\windows.storage.dll
0x00007ff954ca0000 - 0x00007ff954ff5000 	C:\WINDOWS\System32\combase.dll
0x00007ff952010000 - 0x00007ff952040000 	C:\WINDOWS\SYSTEM32\Wldp.dll
0x00007ff9549c0000 - 0x00007ff954a6d000 	C:\WINDOWS\System32\SHCORE.dll
0x00007ff954960000 - 0x00007ff9549b5000 	C:\WINDOWS\System32\shlwapi.dll
0x00007ff9526b0000 - 0x00007ff9526cf000 	C:\WINDOWS\SYSTEM32\profapi.dll
0x00007ff91bcd0000 - 0x00007ff91bce9000 	C:\Users\ramin\.p2\pool\plugins\org.eclipse.justj.openjdk.hotspot.jre.full.win32.x86_64_15.0.1.v20201027-0507\jre\bin\net.dll
0x00007ff9516b0000 - 0x00007ff9517ba000 	C:\WINDOWS\SYSTEM32\WINHTTP.dll
0x00007ff951df0000 - 0x00007ff951e5a000 	C:\WINDOWS\system32\mswsock.dll
0x00007ff91bcb0000 - 0x00007ff91bcc2000 	C:\Users\ramin\.p2\pool\plugins\org.eclipse.justj.openjdk.hotspot.jre.full.win32.x86_64_15.0.1.v20201027-0507\jre\bin\nio.dll
0x00007ff90c150000 - 0x00007ff90c2cf000 	C:\Users\ramin\.p2\pool\plugins\org.eclipse.justj.openjdk.hotspot.jre.full.win32.x86_64_15.0.1.v20201027-0507\jre\bin\awt.dll
0x00007ff954830000 - 0x00007ff9548fd000 	C:\WINDOWS\System32\OLEAUT32.dll
0x00007ff94f960000 - 0x00007ff94f9f0000 	C:\WINDOWS\SYSTEM32\apphelp.dll
0x00007ff94fd10000 - 0x00007ff94fd3f000 	C:\WINDOWS\system32\DWMAPI.DLL
0x00007ff94fb30000 - 0x00007ff94fbce000 	C:\WINDOWS\system32\uxtheme.dll
0x00007ff90fff0000 - 0x00007ff910115000 	C:\WINDOWS\system32\opengl32.dll
0x00007ff90ffc0000 - 0x00007ff90ffec000 	C:\WINDOWS\SYSTEM32\GLU32.dll
0x00007ff8fca50000 - 0x00007ff8fcb29000 	c:\Program Files\HP\HP ProtectTools Security Manager\Bin\DpoFeedb.dll
0x00007ff952620000 - 0x00007ff95264e000 	C:\WINDOWS\SYSTEM32\USERENV.dll
0x00007ff954a70000 - 0x00007ff954b84000 	C:\WINDOWS\System32\MSCTF.dll
0x00007ff9530c0000 - 0x00007ff9531ea000 	C:\WINDOWS\System32\ole32.dll
0x00007ff951b40000 - 0x00007ff951c0b000 	C:\WINDOWS\SYSTEM32\DNSAPI.dll
0x00007ff951b00000 - 0x00007ff951b3b000 	C:\WINDOWS\SYSTEM32\IPHLPAPI.DLL
0x00007ff9531f0000 - 0x00007ff9531f8000 	C:\WINDOWS\System32\NSI.dll
0x00007ff93fba0000 - 0x00007ff93fbaa000 	C:\Windows\System32\rasadhlp.dll
0x00007ff93fb20000 - 0x00007ff93fba0000 	C:\WINDOWS\System32\fwpuclnt.dll
0x00007ff952fb0000 - 0x00007ff952fd7000 	C:\WINDOWS\System32\bcrypt.dll
0x00007ff9520c0000 - 0x00007ff9520d8000 	C:\WINDOWS\SYSTEM32\CRYPTSP.dll
0x00007ff951620000 - 0x00007ff951654000 	C:\WINDOWS\system32\rsaenh.dll
0x00007ff951f80000 - 0x00007ff951f8c000 	C:\WINDOWS\SYSTEM32\CRYPTBASE.dll
0x00007ff949450000 - 0x00007ff949467000 	C:\WINDOWS\SYSTEM32\dhcpcsvc6.DLL
0x00007ff949430000 - 0x00007ff94944d000 	C:\WINDOWS\SYSTEM32\dhcpcsvc.DLL

dbghelp: loaded successfully - version: 4.0.5 - missing functions: none
symbol engine: initialized successfully - sym options: 0x614 - pdb path: .;C:\Users\ramin\.p2\pool\plugins\org.eclipse.justj.openjdk.hotspot.jre.full.win32.x86_64_15.0.1.v20201027-0507\jre\bin;C:\WINDOWS\SYSTEM32;C:\WINDOWS\WinSxS\amd64_microsoft.windows.common-controls_6595b64144ccf1df_6.0.19041.1110_none_60b5254171f9507e;C:\Users\ramin\.p2\pool\plugins\org.eclipse.justj.openjdk.hotspot.jre.full.win32.x86_64_15.0.1.v20201027-0507\jre\bin\server;c:\Program Files\HP\HP ProtectTools Security Manager\Bin

VM Arguments:
jvm_args: -Dfile.encoding=Cp1252 -XX:+ShowCodeDetailsInExceptionMessages 
java_command: deliverable_2_implementation.UserInterface
java_class_path (initial): C:\Users\ramin\Desktop\EECS3311\Delivarable_1\bin;C:\Program Files (x86)\MySQL\Connector J 8.0\mysql-connector-j-8.0.32.jar;C:\Users\ramin\Downloads\jfreechart-1.0.19\jfreechart-1.0.19\lib\jfreechart-1.0.19.jar;C:\Users\ramin\Downloads\jfreechart-1.0.19\jfreechart-1.0.19\lib\jcommon-1.0.23.jar;C:\Users\ramin\Downloads\commons-math3-3.4.1-bin\commons-math3-3.4.1\commons-math3-3.4.1.jar;C:\Users\ramin\Downloads\commons-math3-3.4.1-bin\commons-math3-3.4.1\commons-math3-3.4.1-javadoc.jar;C:\Program Files\Weka-3-9-6\weka.jar;C:\Program Files\Weka-3-9-6\weka-src.jar;C:\Program Files\Weka-3-9-6\remoteExperimentServer.jar;C:\Users\ramin\Downloads\jar_files\mtj-1.0.4.jar;C:\Users\ramin\Downloads\jar_files\timeseriesForecasting-1.0.27.jar
Launcher Type: SUN_STANDARD

[Global flags]
     intx CICompilerCount                          = 4                                         {product} {ergonomic}
     uint ConcGCThreads                            = 2                                         {product} {ergonomic}
     uint G1ConcRefinementThreads                  = 8                                         {product} {ergonomic}
   size_t G1HeapRegionSize                         = 1048576                                   {product} {ergonomic}
    uintx GCDrainStackTargetSize                   = 64                                        {product} {ergonomic}
   size_t InitialHeapSize                          = 132120576                                 {product} {ergonomic}
   size_t MarkStackSize                            = 4194304                                   {product} {ergonomic}
   size_t MaxHeapSize                              = 2113929216                                {product} {ergonomic}
   size_t MaxNewSize                               = 1267728384                                {product} {ergonomic}
   size_t MinHeapDeltaBytes                        = 1048576                                   {product} {ergonomic}
   size_t MinHeapSize                              = 8388608                                   {product} {ergonomic}
    uintx NonNMethodCodeHeapSize                   = 5839372                                {pd product} {ergonomic}
    uintx NonProfiledCodeHeapSize                  = 122909434                              {pd product} {ergonomic}
    uintx ProfiledCodeHeapSize                     = 122909434                              {pd product} {ergonomic}
    uintx ReservedCodeCacheSize                    = 251658240                              {pd product} {ergonomic}
     bool SegmentedCodeCache                       = true                                      {product} {ergonomic}
     bool ShowCodeDetailsInExceptionMessages       = true                                   {manageable} {command line}
   size_t SoftMaxHeapSize                          = 2113929216                             {manageable} {ergonomic}
     bool UseCompressedClassPointers               = true                                 {lp64_product} {ergonomic}
     bool UseCompressedOops                        = true                                 {lp64_product} {ergonomic}
     bool UseG1GC                                  = true                                      {product} {ergonomic}
     bool UseLargePagesIndividualAllocation        = false                                  {pd product} {ergonomic}

Logging:
Log output configuration:
 #0: stdout all=warning uptime,level,tags
 #1: stderr all=off uptime,level,tags

Environment Variables:
PATH=C:/Users/ramin/.p2/pool/plugins/org.eclipse.justj.openjdk.hotspot.jre.full.win32.x86_64_15.0.1.v20201027-0507/jre/bin/server;C:/Users/ramin/.p2/pool/plugins/org.eclipse.justj.openjdk.hotspot.jre.full.win32.x86_64_15.0.1.v20201027-0507/jre/bin;C:\WINDOWS\system32;C:\WINDOWS;C:\WINDOWS\System32\Wbem;C:\WINDOWS\System32\WindowsPowerShell\v1.0\;C:\WINDOWS\System32\OpenSSH\;C:\Program Files (x86)\Intel\Intel(R) Management Engine Components\DAL;C:\Program Files\Intel\Intel(R) Management Engine Components\DAL;C:\Program Files\nodejs\;C:\Program Files\Amazon\AWSCLIV2\;C:\Program Files\Docker\Docker\resources\bin;C:\Program Files\Amazon\AWSSAMCLI\bin\;C:\Program Files\Git\cmd;C:\Users\ramin\AppData\Local\Programs\Python\Python38-32;C:\Users\ramin\AppData\Local\Programs\Python\Python38-32\Scripts;C:\Program Files\MySQL\MySQL Shell 8.0\bin\;C:\MinGW\bin;C:\Users\ramin\AppData\Local\Microsoft\WindowsApps;C:\Users\ramin\AppData\Local\Programs\Microsoft VS Code\bin;C:\Users\ramin\AppData\Local\GitHubDesktop\bin;C:\Users\ramin\AppData\Roaming\npm;C:\WINDOWS\system32;
USERNAME=ramin
OS=Windows_NT
PROCESSOR_IDENTIFIER=Intel64 Family 6 Model 142 Stepping 12, GenuineIntel



---------------  S Y S T E M  ---------------

OS:
 Windows 10 , 64 bit Build 19041 (10.0.19041.2546)
OS uptime: 4 days 2:11 hours
HyperV virtualization detected

CPU: total 8 (initial active 8) (4 cores per cpu, 2 threads per core) family 6 model 142 stepping 12 microcode 0xec, cmov, cx8, fxsr, mmx, sse, sse2, sse3, ssse3, sse4.1, sse4.2, popcnt, vzeroupper, avx, avx2, aes, clmul, erms, 3dnowpref, lzcnt, ht, tsc, tscinvbit, bmi1, bmi2, adx, fma, clflush, clflushopt

Memory: 4k page, system-wide physical 8062M (402M free)
TotalPageFile size 32638M (AvailPageFile size 0M)
current process WorkingSet (physical memory assigned to process): 86M, peak: 86M
current process commit charge ("private bytes"): 226M, peak: 227M

vm_info: OpenJDK 64-Bit Server VM (15.0.1+9-18) for windows-amd64 JRE (15.0.1+9-18), built on Sep 15 2020 14:39:31 by "mach5one" with unknown MS VC++:1925

END.
