#
# There is insufficient memory for the Java Runtime Environment to continue.
# Native memory allocation (mmap) failed to map 132120576 bytes for G1 virtual space
# Possible reasons:
#   The system is out of physical RAM or swap space
#   The process is running with CompressedOops enabled, and the Java Heap may be blocking the growth of the native heap
# Possible solutions:
#   Reduce memory load on the system
#   Increase physical memory or swap space
#   Check if swap backing store is full
#   Decrease Java heap size (-Xmx/-Xms)
#   Decrease number of Java threads
#   Decrease Java thread stack sizes (-Xss)
#   Set larger code cache with -XX:ReservedCodeCacheSize=
#   JVM is running with Unscaled Compressed Oops mode in which the Java heap is
#     placed in the first 4GB address space. The Java Heap base address is the
#     maximum limit for the native heap growth. Please use -XX:HeapBaseMinAddress
#     to set the Java Heap base and to place the Java Heap above 4GB virtual address.
# This output file may be truncated or incomplete.
#
#  Out of Memory Error (./open/src/hotspot/os/windows/os_windows.cpp:3472), pid=34300, tid=31316
#
# JRE version:  (15.0.1+9) (build )
# Java VM: OpenJDK 64-Bit Server VM (15.0.1+9-18, mixed mode, sharing, tiered, compressed oops, g1 gc, windows-amd64)
# No core dump will be written. Minidumps are not enabled by default on client versions of Windows
#

---------------  S U M M A R Y ------------

Command Line: -Dfile.encoding=Cp1252 -XX:+ShowCodeDetailsInExceptionMessages deliverable_2_implementation.UserInterface

Host: Intel(R) Core(TM) i5-8265U CPU @ 1.60GHz, 8 cores, 7G,  Windows 10 , 64 bit Build 19041 (10.0.19041.2546)
Time: Sat Apr  1 22:40:01 2023 Eastern Daylight Time elapsed time: 0.019103 seconds (0d 0h 0m 0s)

---------------  T H R E A D  ---------------

Current thread (0x00000197d44013a0):  JavaThread "Unknown thread" [_thread_in_vm, id=31316, stack(0x00000001a1200000,0x00000001a1300000)]

Stack: [0x00000001a1200000,0x00000001a1300000]
Native frames: (J=compiled Java code, j=interpreted, Vv=VM code, C=native code)
V  [jvm.dll+0x62ae9a]
V  [jvm.dll+0x781389]
V  [jvm.dll+0x782ae3]
V  [jvm.dll+0x783143]
V  [jvm.dll+0x216265]
V  [jvm.dll+0x6281d9]
V  [jvm.dll+0x61cd15]
V  [jvm.dll+0x2d01fd]
V  [jvm.dll+0x2d0062]
V  [jvm.dll+0x2d603c]
V  [jvm.dll+0x325b2a]
V  [jvm.dll+0x3251f4]
V  [jvm.dll+0x2a717a]
V  [jvm.dll+0x2a8318]
V  [jvm.dll+0x75e101]
V  [jvm.dll+0x3343e4]
V  [jvm.dll+0x73e826]
V  [jvm.dll+0x3b7777]
V  [jvm.dll+0x3b9201]
C  [jli.dll+0x52fb]
C  [ucrtbase.dll+0x21bb2]
C  [KERNEL32.DLL+0x17614]
C  [ntdll.dll+0x526a1]


---------------  P R O C E S S  ---------------

Threads class SMR info:
_java_thread_list=0x00007ff907a24ff0, length=0, elements={
}

Java Threads: ( => current thread )

Other Threads:
  0x00000197d4442510 GCTaskThread "GC Thread#0" [stack: 0x00000001a1300000,0x00000001a1400000] [id=21500]
  0x00000197d44543f0 ConcurrentGCThread "G1 Main Marker" [stack: 0x00000001a1400000,0x00000001a1500000] [id=24716]
  0x00000197d4455060 ConcurrentGCThread "G1 Conc#0" [stack: 0x00000001a1500000,0x00000001a1600000] [id=26960]

[error occurred during error reporting (printing all threads), id 0xc0000005, EXCEPTION_ACCESS_VIOLATION (0xc0000005) at pc=0x00007ff907218047]

VM state: not at safepoint (not fully initialized)

VM Mutex/Monitor currently owned by a thread:  ([mutex/lock_event])
[0x00000197d43daf60] Heap_lock - owner thread: 0x00000197d44013a0

Heap address: 0x0000000082000000, size: 2016 MB, Compressed Oops mode: 32-bit
CDS archive(s) mapped at: [0x0000000000000000-0x0000000000000000-0x0000000000000000), size 0, SharedBaseAddress: 0x0000000800000000, ArchiveRelocationMode: 0.
Narrow klass base: 0x0000000000000000, Narrow klass shift: 0, Narrow klass range: 0x0

Heap:
 garbage-first heap   total 129024K, used 0K [0x0000000082000000, 0x0000000100000000)
  region size 1024K, 0 young (0K), 0 survivors (0K)
 Metaspace       used 0K, capacity 0K, committed 0K, reserved 0K
  class space    used 0K, capacity 0K, committed 0K, reserved 0K

Heap Regions: E=young(eden), S=young(survivor), O=old, HS=humongous(starts), HC=humongous(continues), CS=collection set, F=free, OA=open archive, CA=closed archive, TAMS=top-at-mark-start (previous, next)

Card table byte_map: [0x00000197e94a0000,0x00000197e9890000] _byte_map_base: 0x00000197e9090000

Marking Bits (Prev, Next): (CMBitMap*) 0x00000197d4443d90, (CMBitMap*) 0x00000197d4443dd0
 Prev Bits: [0x00000197e9c80000, 0x00000197ebc00000)
 Next Bits: [0x00000197ebc00000, 0x00000197edb80000)

GC Heap History (0 events):
No events

Deoptimization events (0 events):
No events

Classes unloaded (0 events):
No events

Classes redefined (0 events):
No events

Internal exceptions (0 events):
No events

Events (1 events):
Event: 0.011 Loaded shared library C:\Users\ramin\.p2\pool\plugins\org.eclipse.justj.openjdk.hotspot.jre.full.win32.x86_64_15.0.1.v20201027-0507\jre\bin\java.dll


Dynamic libraries:
0x00007ff6ea320000 - 0x00007ff6ea32d000 	C:\Users\ramin\.p2\pool\plugins\org.eclipse.justj.openjdk.hotspot.jre.full.win32.x86_64_15.0.1.v20201027-0507\jre\bin\javaw.exe
0x00007ff955070000 - 0x00007ff955268000 	C:\WINDOWS\SYSTEM32\ntdll.dll
0x00007ff953950000 - 0x00007ff953a0f000 	C:\WINDOWS\System32\KERNEL32.DLL
0x00007ff9528a0000 - 0x00007ff952b72000 	C:\WINDOWS\System32\KERNELBASE.dll
0x00007ff952c90000 - 0x00007ff952d90000 	C:\WINDOWS\System32\ucrtbase.dll
0x00007ff92b040000 - 0x00007ff92b058000 	C:\Users\ramin\.p2\pool\plugins\org.eclipse.justj.openjdk.hotspot.jre.full.win32.x86_64_15.0.1.v20201027-0507\jre\bin\jli.dll
0x00007ff92b290000 - 0x00007ff92b2a9000 	C:\Users\ramin\.p2\pool\plugins\org.eclipse.justj.openjdk.hotspot.jre.full.win32.x86_64_15.0.1.v20201027-0507\jre\bin\VCRUNTIME140.dll
0x00007ff954270000 - 0x00007ff954411000 	C:\WINDOWS\System32\USER32.dll
0x00007ff953090000 - 0x00007ff9530b2000 	C:\WINDOWS\System32\win32u.dll
0x00007ff954220000 - 0x00007ff95424b000 	C:\WINDOWS\System32\GDI32.dll
0x00007ff92b2c0000 - 0x00007ff92b55a000 	C:\WINDOWS\WinSxS\amd64_microsoft.windows.common-controls_6595b64144ccf1df_6.0.19041.1110_none_60b5254171f9507e\COMCTL32.dll
0x00007ff952b80000 - 0x00007ff952c8f000 	C:\WINDOWS\System32\gdi32full.dll
0x00007ff954620000 - 0x00007ff9546be000 	C:\WINDOWS\System32\msvcrt.dll
0x00007ff952770000 - 0x00007ff95280d000 	C:\WINDOWS\System32\msvcp_win.dll
0x00007ff955000000 - 0x00007ff955030000 	C:\WINDOWS\System32\IMM32.DLL
0x00007ff92ec10000 - 0x00007ff92ec1c000 	C:\Users\ramin\.p2\pool\plugins\org.eclipse.justj.openjdk.hotspot.jre.full.win32.x86_64_15.0.1.v20201027-0507\jre\bin\vcruntime140_1.dll
0x00007ff916870000 - 0x00007ff916901000 	C:\Users\ramin\.p2\pool\plugins\org.eclipse.justj.openjdk.hotspot.jre.full.win32.x86_64_15.0.1.v20201027-0507\jre\bin\msvcp140.dll
0x00007ff906f60000 - 0x00007ff907abe000 	C:\Users\ramin\.p2\pool\plugins\org.eclipse.justj.openjdk.hotspot.jre.full.win32.x86_64_15.0.1.v20201027-0507\jre\bin\server\jvm.dll
0x00007ff9546c0000 - 0x00007ff95476e000 	C:\WINDOWS\System32\ADVAPI32.dll
0x00007ff954090000 - 0x00007ff95412c000 	C:\WINDOWS\System32\sechost.dll
0x00007ff954480000 - 0x00007ff9545a4000 	C:\WINDOWS\System32\RPCRT4.dll
0x00007ff954820000 - 0x00007ff954828000 	C:\WINDOWS\System32\PSAPI.DLL
0x00007ff94ae40000 - 0x00007ff94ae49000 	C:\WINDOWS\SYSTEM32\WSOCK32.dll
0x00007ff951280000 - 0x00007ff95128a000 	C:\WINDOWS\SYSTEM32\VERSION.dll
0x00007ff926670000 - 0x00007ff926697000 	C:\WINDOWS\SYSTEM32\WINMM.dll
0x00007ff9545b0000 - 0x00007ff95461b000 	C:\WINDOWS\System32\WS2_32.dll
0x00007ff950fd0000 - 0x00007ff950fe2000 	C:\WINDOWS\SYSTEM32\kernel.appcore.dll
0x00007ff94c820000 - 0x00007ff94c82a000 	C:\Users\ramin\.p2\pool\plugins\org.eclipse.justj.openjdk.hotspot.jre.full.win32.x86_64_15.0.1.v20201027-0507\jre\bin\jimage.dll
0x00007ff950a40000 - 0x00007ff950c24000 	C:\WINDOWS\SYSTEM32\DBGHELP.DLL
0x00007ff946810000 - 0x00007ff946845000 	C:\WINDOWS\SYSTEM32\dbgcore.DLL
0x00007ff952810000 - 0x00007ff952892000 	C:\WINDOWS\System32\bcryptPrimitives.dll
0x00007ff91bcf0000 - 0x00007ff91bd15000 	C:\Users\ramin\.p2\pool\plugins\org.eclipse.justj.openjdk.hotspot.jre.full.win32.x86_64_15.0.1.v20201027-0507\jre\bin\java.dll

dbghelp: loaded successfully - version: 4.0.5 - missing functions: none
symbol engine: initialized successfully - sym options: 0x614 - pdb path: .;C:\Users\ramin\.p2\pool\plugins\org.eclipse.justj.openjdk.hotspot.jre.full.win32.x86_64_15.0.1.v20201027-0507\jre\bin;C:\WINDOWS\SYSTEM32;C:\WINDOWS\WinSxS\amd64_microsoft.windows.common-controls_6595b64144ccf1df_6.0.19041.1110_none_60b5254171f9507e;C:\Users\ramin\.p2\pool\plugins\org.eclipse.justj.openjdk.hotspot.jre.full.win32.x86_64_15.0.1.v20201027-0507\jre\bin\server

VM Arguments:
jvm_args: -Dfile.encoding=Cp1252 -XX:+ShowCodeDetailsInExceptionMessages 
java_command: deliverable_2_implementation.UserInterface
java_class_path (initial): C:\Users\ramin\Desktop\EECS3311\Delivarable_1\bin;C:\Program Files (x86)\MySQL\Connector J 8.0\mysql-connector-j-8.0.32.jar;C:\Users\ramin\Downloads\jfreechart-1.0.19\jfreechart-1.0.19\lib\jfreechart-1.0.19.jar;C:\Users\ramin\Downloads\jfreechart-1.0.19\jfreechart-1.0.19\lib\jcommon-1.0.23.jar;C:\Users\ramin\Downloads\commons-math3-3.4.1-bin\commons-math3-3.4.1\commons-math3-3.4.1.jar;C:\Users\ramin\Downloads\commons-math3-3.4.1-bin\commons-math3-3.4.1\commons-math3-3.4.1-javadoc.jar;C:\Program Files\Weka-3-9-6\weka.jar;C:\Program Files\Weka-3-9-6\weka-src.jar;C:\Program Files\Weka-3-9-6\remoteExperimentServer.jar;C:\Users\ramin\Downloads\jar_files\mtj-1.0.4.jar;C:\Users\ramin\Downloads\jar_files\timeseriesForecasting-1.0.27.jar
Launcher Type: SUN_STANDARD

[Global flags]
     intx CICompilerCount                          = 4                                         {product} {ergonomic}
     uint ConcGCThreads                            = 2                                         {product} {ergonomic}
     uint G1ConcRefinementThreads                  = 8                                         {product} {ergonomic}
   size_t G1HeapRegionSize                         = 1048576                                   {product} {ergonomic}
    uintx GCDrainStackTargetSize                   = 64                                        {product} {ergonomic}
   size_t InitialHeapSize                          = 132120576                                 {product} {ergonomic}
   size_t MarkStackSize                            = 4194304                                   {product} {ergonomic}
   size_t MaxHeapSize                              = 2113929216                                {product} {ergonomic}
   size_t MinHeapDeltaBytes                        = 1048576                                   {product} {ergonomic}
   size_t MinHeapSize                              = 8388608                                   {product} {ergonomic}
    uintx NonNMethodCodeHeapSize                   = 5839372                                {pd product} {ergonomic}
    uintx NonProfiledCodeHeapSize                  = 122909434                              {pd product} {ergonomic}
    uintx ProfiledCodeHeapSize                     = 122909434                              {pd product} {ergonomic}
    uintx ReservedCodeCacheSize                    = 251658240                              {pd product} {ergonomic}
     bool SegmentedCodeCache                       = true                                      {product} {ergonomic}
     bool ShowCodeDetailsInExceptionMessages       = true                                   {manageable} {command line}
   size_t SoftMaxHeapSize                          = 2113929216                             {manageable} {ergonomic}
     bool UseCompressedClassPointers               = true                                 {lp64_product} {ergonomic}
     bool UseCompressedOops                        = true                                 {lp64_product} {ergonomic}
     bool UseG1GC                                  = true                                      {product} {ergonomic}
     bool UseLargePagesIndividualAllocation        = false                                  {pd product} {ergonomic}

Logging:
Log output configuration:
 #0: stdout all=warning uptime,level,tags
 #1: stderr all=off uptime,level,tags

Environment Variables:
PATH=C:/Users/ramin/.p2/pool/plugins/org.eclipse.justj.openjdk.hotspot.jre.full.win32.x86_64_15.0.1.v20201027-0507/jre/bin/server;C:/Users/ramin/.p2/pool/plugins/org.eclipse.justj.openjdk.hotspot.jre.full.win32.x86_64_15.0.1.v20201027-0507/jre/bin;C:\WINDOWS\system32;C:\WINDOWS;C:\WINDOWS\System32\Wbem;C:\WINDOWS\System32\WindowsPowerShell\v1.0\;C:\WINDOWS\System32\OpenSSH\;C:\Program Files (x86)\Intel\Intel(R) Management Engine Components\DAL;C:\Program Files\Intel\Intel(R) Management Engine Components\DAL;C:\Program Files\nodejs\;C:\Program Files\Amazon\AWSCLIV2\;C:\Program Files\Docker\Docker\resources\bin;C:\Program Files\Amazon\AWSSAMCLI\bin\;C:\Program Files\Git\cmd;C:\Users\ramin\AppData\Local\Programs\Python\Python38-32;C:\Users\ramin\AppData\Local\Programs\Python\Python38-32\Scripts;C:\Program Files\MySQL\MySQL Shell 8.0\bin\;C:\MinGW\bin;C:\Users\ramin\AppData\Local\Microsoft\WindowsApps;C:\Users\ramin\AppData\Local\Programs\Microsoft VS Code\bin;C:\Users\ramin\AppData\Local\GitHubDesktop\bin;C:\Users\ramin\AppData\Roaming\npm;C:\WINDOWS\system32;
USERNAME=ramin
OS=Windows_NT
PROCESSOR_IDENTIFIER=Intel64 Family 6 Model 142 Stepping 12, GenuineIntel



---------------  S Y S T E M  ---------------

OS:
 Windows 10 , 64 bit Build 19041 (10.0.19041.2546)
OS uptime: 4 days 6:37 hours
HyperV virtualization detected

CPU: total 8 (initial active 8) (4 cores per cpu, 2 threads per core) family 6 model 142 stepping 12 microcode 0xec, cmov, cx8, fxsr, mmx, sse, sse2, sse3, ssse3, sse4.1, sse4.2, popcnt, vzeroupper, avx, avx2, aes, clmul, erms, 3dnowpref, lzcnt, ht, tsc, tscinvbit, bmi1, bmi2, adx, fma, clflush, clflushopt

Memory: 4k page, system-wide physical 8062M (428M free)
TotalPageFile size 32638M (AvailPageFile size 120M)
current process WorkingSet (physical memory assigned to process): 10M, peak: 10M
current process commit charge ("private bytes"): 60M, peak: 186M

vm_info: OpenJDK 64-Bit Server VM (15.0.1+9-18) for windows-amd64 JRE (15.0.1+9-18), built on Sep 15 2020 14:39:31 by "mach5one" with unknown MS VC++:1925

END.
